2025-02-22 20:17:14,211 - datamanager - ERROR - mqtt_loop_MQTT connection failed: [Errno 111] Connection refused. Retrying in 5 seconds...
2025-02-22 20:17:19,218 - datamanager - ERROR - mqtt_loop_MQTT connection failed: [Errno 111] Connection refused. Retrying in 5 seconds...
2025-02-22 20:17:24,221 - datamanager - ERROR - mqtt_loop_MQTT connection failed: [Errno 111] Connection refused. Retrying in 5 seconds...
2025-02-22 20:17:29,224 - datamanager - ERROR - mqtt_loop_MQTT connection failed: [Errno 111] Connection refused. Retrying in 5 seconds...
2025-02-22 20:17:34,227 - datamanager - ERROR - mqtt_loop_MQTT connection failed: [Errno 111] Connection refused. Retrying in 5 seconds...
2025-02-22 20:17:42,310 - datamanager - ERROR - mqtt_loop_MQTT connection failed: [Errno 113] No route to host. Retrying in 5 seconds...
2025-02-22 20:22:38,459 - modules.gps_SAM_M10Q - ERROR - gps_convert_to_decimal_error: Unable to extract numeric part from E
2025-02-22 20:24:16,257 - modules.gps_SAM_M10Q - ERROR - gps_convert_to_decimal_error: Unable to extract numeric part from N
2025-02-22 20:24:16,258 - modules.gps_SAM_M10Q - ERROR - gps_convert_to_decimal_error: Unable to extract numeric part from E
2025-02-22 20:35:01,794 - modules.gps_SAM_M10Q - ERROR - gps_convert_to_decimal_error: Unable to extract numeric part from N
2025-02-22 20:35:01,794 - modules.gps_SAM_M10Q - ERROR - gps_convert_to_decimal_error: Unable to extract numeric part from E
2025-02-22 20:36:04,370 - datamanager - ERROR - mqtt_loop_MQTT connection failed: [Errno 111] Connection refused. Retrying in 5 seconds...
2025-02-22 20:36:09,379 - datamanager - ERROR - mqtt_loop_MQTT connection failed: [Errno 111] Connection refused. Retrying in 5 seconds...
2025-02-22 20:36:14,400 - datamanager - ERROR - mqtt_loop_MQTT connection failed: [Errno 111] Connection refused. Retrying in 5 seconds...
2025-02-22 20:36:19,412 - datamanager - ERROR - mqtt_loop_MQTT connection failed: [Errno 111] Connection refused. Retrying in 5 seconds...
2025-02-23 10:12:49,190 - datamanager - ERROR - mqtt_loop_MQTT connection failed: [Errno 111] Connection refused. Retrying in 5 seconds...
2025-02-23 10:12:54,209 - datamanager - ERROR - mqtt_loop_MQTT connection failed: [Errno 111] Connection refused. Retrying in 5 seconds...
2025-02-23 10:13:01,247 - datamanager - ERROR - mqtt_loop_MQTT connection failed: [Errno 111] Connection refused. Retrying in 5 seconds...
2025-02-23 10:13:41,607 - modules.gps_SAM_M10Q - ERROR - gps_convert_to_decimal_error: Unable to extract numeric part from N
2025-02-23 10:13:41,608 - modules.gps_SAM_M10Q - ERROR - gps_convert_to_decimal_error: Unable to extract numeric part from E
2025-02-23 10:16:35,189 - datamanager - ERROR - mqtt_loop_MQTT connection failed: [Errno 111] Connection refused. Retrying in 5 seconds...
2025-02-23 10:16:40,206 - datamanager - ERROR - mqtt_loop_MQTT connection failed: [Errno 111] Connection refused. Retrying in 5 seconds...
2025-02-23 10:16:48,302 - datamanager - ERROR - mqtt_loop_MQTT connection failed: [Errno 111] Connection refused. Retrying in 5 seconds...
2025-02-23 10:17:38,159 - modules.gps_SAM_M10Q - ERROR - gps_convert_to_decimal_error: Unable to extract numeric part from N
2025-02-23 10:17:38,160 - modules.gps_SAM_M10Q - ERROR - gps_convert_to_decimal_error: Unable to extract numeric part from E
2025-02-23 10:25:50,766 - modules.gps_SAM_M10Q - ERROR - gps_convert_to_decimal_error: Unable to extract numeric part from E
2025-02-23 10:32:10,054 - modules.gps_SAM_M10Q - ERROR - gps_convert_to_decimal_error: Unable to extract numeric part from N
2025-02-23 10:32:10,055 - modules.gps_SAM_M10Q - ERROR - gps_convert_to_decimal_error: Unable to extract numeric part from E
2025-02-23 10:51:39,129 - modules.gps_SAM_M10Q - ERROR - gps_convert_to_decimal_error: Unable to extract numeric part from N
2025-02-23 10:51:39,129 - modules.gps_SAM_M10Q - ERROR - gps_convert_to_decimal_error: Unable to extract numeric part from E
2025-02-23 10:52:57,887 - modules.gps_SAM_M10Q - ERROR - gps_convert_to_decimal_error: Unable to extract numeric part from N
2025-02-23 10:52:57,887 - modules.gps_SAM_M10Q - ERROR - gps_convert_to_decimal_error: Unable to extract numeric part from E
2025-02-23 10:57:32,447 - modules.gps_SAM_M10Q - ERROR - gps_convert_to_decimal_error: Unable to extract numeric part from N
2025-02-23 10:57:32,448 - modules.gps_SAM_M10Q - ERROR - gps_convert_to_decimal_error: Unable to extract numeric part from E
2025-02-23 11:00:03,439 - modules.gps_SAM_M10Q - ERROR - gps_convert_to_decimal_error: Unable to extract numeric part from N
2025-02-23 11:00:03,440 - modules.gps_SAM_M10Q - ERROR - gps_convert_to_decimal_error: Unable to extract numeric part from E
2025-02-23 11:04:29,909 - modules.gps_SAM_M10Q - ERROR - gps_convert_to_decimal_error: Unable to extract numeric part from E
2025-02-23 11:06:00,314 - modules.gps_SAM_M10Q - ERROR - gps_convert_to_decimal_error: Unable to extract numeric part from N
2025-02-23 11:06:00,314 - modules.gps_SAM_M10Q - ERROR - gps_convert_to_decimal_error: Unable to extract numeric part from E
2025-02-23 11:14:48,566 - modules.gps_SAM_M10Q - ERROR - gps_convert_to_decimal_error: Unable to extract numeric part from N
2025-02-23 11:14:48,567 - modules.gps_SAM_M10Q - ERROR - gps_convert_to_decimal_error: Unable to extract numeric part from E
2025-02-23 11:15:30,819 - modules.gps_SAM_M10Q - ERROR - gps_convert_to_decimal_error: Unable to extract numeric part from N
2025-02-23 11:15:30,820 - modules.gps_SAM_M10Q - ERROR - gps_convert_to_decimal_error: Unable to extract numeric part from E
2025-02-23 11:16:23,242 - modules.gps_SAM_M10Q - ERROR - gps_convert_to_decimal_error: Unable to extract numeric part from N
2025-02-23 11:16:23,243 - modules.gps_SAM_M10Q - ERROR - gps_convert_to_decimal_error: Unable to extract numeric part from E
2025-02-23 11:16:52,119 - modules.gps_SAM_M10Q - ERROR - gps_convert_to_decimal_error: Unable to extract numeric part from N
2025-02-23 11:16:52,120 - modules.gps_SAM_M10Q - ERROR - gps_convert_to_decimal_error: Unable to extract numeric part from E
2025-02-23 11:20:44,266 - modules.gps_SAM_M10Q - ERROR - gps_convert_to_decimal_error: Unable to extract numeric part from N
2025-02-23 11:20:44,266 - modules.gps_SAM_M10Q - ERROR - gps_convert_to_decimal_error: Unable to extract numeric part from E
2025-02-23 11:31:46,220 - modules.gps_SAM_M10Q - ERROR - gps_convert_to_decimal_error: Unable to extract numeric part from N
2025-02-23 11:31:46,221 - modules.gps_SAM_M10Q - ERROR - gps_convert_to_decimal_error: Unable to extract numeric part from E
2025-02-23 11:34:16,336 - modules.gps_SAM_M10Q - ERROR - gps_convert_to_decimal_error: Unable to extract numeric part from N
2025-02-23 11:34:16,337 - modules.gps_SAM_M10Q - ERROR - gps_convert_to_decimal_error: Unable to extract numeric part from E
2025-02-23 11:35:49,142 - modules.gps_SAM_M10Q - ERROR - gps_convert_to_decimal_error: Unable to extract numeric part from N
2025-02-23 11:35:49,143 - modules.gps_SAM_M10Q - ERROR - gps_convert_to_decimal_error: Unable to extract numeric part from E
2025-02-23 11:49:06,759 - modules.gps_SAM_M10Q - ERROR - gps_convert_to_decimal_error: Unable to extract numeric part from N
2025-02-23 11:49:06,760 - modules.gps_SAM_M10Q - ERROR - gps_convert_to_decimal_error: Unable to extract numeric part from E
2025-02-23 11:52:34,474 - modules.gps_SAM_M10Q - ERROR - gps_convert_to_decimal_error: Unable to extract numeric part from N
2025-02-23 11:52:34,475 - modules.gps_SAM_M10Q - ERROR - gps_convert_to_decimal_error: Unable to extract numeric part from E
2025-02-23 11:58:00,061 - modules.gps_SAM_M10Q - ERROR - gps_convert_to_decimal_error: Unable to extract numeric part from N
2025-02-23 11:58:00,061 - modules.gps_SAM_M10Q - ERROR - gps_convert_to_decimal_error: Unable to extract numeric part from E
2025-02-23 11:58:48,013 - modules.gps_SAM_M10Q - ERROR - gps_convert_to_decimal_error: Unable to extract numeric part from E
2025-02-23 11:58:59,569 - modules.gps_SAM_M10Q - ERROR - gps_convert_to_decimal_error: Unable to extract numeric part from N
2025-02-23 11:58:59,570 - modules.gps_SAM_M10Q - ERROR - gps_convert_to_decimal_error: Unable to extract numeric part from E
2025-02-23 12:00:06,231 - modules.gps_SAM_M10Q - ERROR - gps_convert_to_decimal_error: Unable to extract numeric part from N
2025-02-23 12:00:06,231 - modules.gps_SAM_M10Q - ERROR - gps_convert_to_decimal_error: Unable to extract numeric part from E
2025-02-23 12:10:58,596 - modules.gps_SAM_M10Q - ERROR - gps_convert_to_decimal_error: Unable to extract numeric part from N
2025-02-23 12:10:58,597 - modules.gps_SAM_M10Q - ERROR - gps_convert_to_decimal_error: Unable to extract numeric part from E
2025-02-23 12:14:44,196 - modules.gps_SAM_M10Q - ERROR - gps_convert_to_decimal_error: Unable to extract numeric part from N
2025-02-23 12:14:44,197 - modules.gps_SAM_M10Q - ERROR - gps_convert_to_decimal_error: Unable to extract numeric part from E
2025-02-23 12:26:42,089 - modules.gps_SAM_M10Q - ERROR - gps_convert_to_decimal_error: Unable to extract numeric part from E
2025-02-23 12:50:21,292 - modules.gps_SAM_M10Q - ERROR - gps_convert_to_decimal_error: Unable to extract numeric part from N
2025-02-23 12:50:21,292 - modules.gps_SAM_M10Q - ERROR - gps_convert_to_decimal_error: Unable to extract numeric part from E
2025-02-23 12:54:34,865 - modules.gps_SAM_M10Q - ERROR - gps_convert_to_decimal_error: Unable to extract numeric part from N
2025-02-23 12:54:34,866 - modules.gps_SAM_M10Q - ERROR - gps_convert_to_decimal_error: Unable to extract numeric part from E
2025-02-23 12:56:59,994 - modules.gps_SAM_M10Q - ERROR - gps_convert_to_decimal_error: Unable to extract numeric part from N
2025-02-23 12:56:59,995 - modules.gps_SAM_M10Q - ERROR - gps_convert_to_decimal_error: Unable to extract numeric part from E
2025-02-23 13:16:08,831 - modules.gps_SAM_M10Q - ERROR - gps_convert_to_decimal_error: Unable to extract numeric part from N
2025-02-23 13:16:08,832 - modules.gps_SAM_M10Q - ERROR - gps_convert_to_decimal_error: Unable to extract numeric part from E
2025-02-23 13:17:56,703 - modules.gps_SAM_M10Q - ERROR - gps_convert_to_decimal_error: Unable to extract numeric part from E
2025-02-23 13:31:00,672 - modules.gps_SAM_M10Q - ERROR - gps_convert_to_decimal_error: Unable to extract numeric part from N
2025-02-23 13:31:00,673 - modules.gps_SAM_M10Q - ERROR - gps_convert_to_decimal_error: Unable to extract numeric part from E
2025-02-23 13:46:36,517 - modules.gps_SAM_M10Q - ERROR - gps_convert_to_decimal_error: Unable to extract numeric part from N
2025-02-23 13:46:36,518 - modules.gps_SAM_M10Q - ERROR - gps_convert_to_decimal_error: Unable to extract numeric part from E
2025-02-23 13:48:17,871 - modules.gps_SAM_M10Q - ERROR - gps_convert_to_decimal_error: Unable to extract numeric part from N
2025-02-23 13:48:17,872 - modules.gps_SAM_M10Q - ERROR - gps_convert_to_decimal_error: Unable to extract numeric part from E
2025-02-23 13:57:30,281 - modules.gps_SAM_M10Q - ERROR - gps_convert_to_decimal_error: Unable to extract numeric part from E
2025-02-23 14:01:03,792 - modules.gps_SAM_M10Q - ERROR - gps_convert_to_decimal_error: Unable to extract numeric part from E
2025-02-23 14:07:19,305 - modules.gps_SAM_M10Q - ERROR - gps_convert_to_decimal_error: Unable to extract numeric part from N
2025-02-23 14:07:19,306 - modules.gps_SAM_M10Q - ERROR - gps_convert_to_decimal_error: Unable to extract numeric part from E
2025-02-23 14:12:19,098 - modules.gps_SAM_M10Q - ERROR - gps_convert_to_decimal_error: Unable to extract numeric part from N
2025-02-23 14:12:19,099 - modules.gps_SAM_M10Q - ERROR - gps_convert_to_decimal_error: Unable to extract numeric part from E
2025-02-23 14:19:46,416 - modules.gps_SAM_M10Q - ERROR - gps_convert_to_decimal_error: Unable to extract numeric part from N
2025-02-23 14:19:46,417 - modules.gps_SAM_M10Q - ERROR - gps_convert_to_decimal_error: Unable to extract numeric part from E
2025-02-23 14:32:03,399 - modules.gps_SAM_M10Q - ERROR - gps_convert_to_decimal_error: Unable to extract numeric part from N
2025-02-23 14:32:03,400 - modules.gps_SAM_M10Q - ERROR - gps_convert_to_decimal_error: Unable to extract numeric part from E
2025-02-23 14:33:40,587 - modules.gps_SAM_M10Q - ERROR - gps_convert_to_decimal_error: Unable to extract numeric part from N
2025-02-23 14:33:40,587 - modules.gps_SAM_M10Q - ERROR - gps_convert_to_decimal_error: Unable to extract numeric part from E
2025-02-23 14:44:16,329 - modules.gps_SAM_M10Q - ERROR - gps_convert_to_decimal_error: Unable to extract numeric part from N
2025-02-23 14:44:16,330 - modules.gps_SAM_M10Q - ERROR - gps_convert_to_decimal_error: Unable to extract numeric part from E
2025-02-23 14:45:18,941 - modules.gps_SAM_M10Q - ERROR - gps_convert_to_decimal_error: Unable to extract numeric part from E
2025-02-23 14:48:12,761 - modules.gps_SAM_M10Q - ERROR - gps_convert_to_decimal_error: Unable to extract numeric part from N
2025-02-23 14:48:12,762 - modules.gps_SAM_M10Q - ERROR - gps_convert_to_decimal_error: Unable to extract numeric part from E
2025-02-23 14:52:12,659 - modules.gps_SAM_M10Q - ERROR - gps_convert_to_decimal_error: Unable to extract numeric part from N
2025-02-23 14:52:12,659 - modules.gps_SAM_M10Q - ERROR - gps_convert_to_decimal_error: Unable to extract numeric part from E
2025-02-23 14:57:21,666 - modules.gps_SAM_M10Q - ERROR - gps_convert_to_decimal_error: Unable to extract numeric part from N
2025-02-23 14:57:21,667 - modules.gps_SAM_M10Q - ERROR - gps_convert_to_decimal_error: Unable to extract numeric part from E
2025-02-23 14:58:07,415 - modules.gps_SAM_M10Q - ERROR - gps_convert_to_decimal_error: Unable to extract numeric part from N
2025-02-23 14:58:07,415 - modules.gps_SAM_M10Q - ERROR - gps_convert_to_decimal_error: Unable to extract numeric part from E
2025-02-23 15:08:11,113 - modules.gps_SAM_M10Q - ERROR - gps_convert_to_decimal_error: Unable to extract numeric part from E
2025-02-23 15:14:09,971 - modules.gps_SAM_M10Q - ERROR - gps_convert_to_decimal_error: Unable to extract numeric part from N
2025-02-23 15:14:09,971 - modules.gps_SAM_M10Q - ERROR - gps_convert_to_decimal_error: Unable to extract numeric part from E
2025-02-23 15:14:22,811 - modules.gps_SAM_M10Q - ERROR - gps_convert_to_decimal_error: Unable to extract numeric part from E
2025-02-23 15:31:48,887 - modules.gps_SAM_M10Q - ERROR - gps_convert_to_decimal_error: Unable to extract numeric part from N
2025-02-23 15:31:48,888 - modules.gps_SAM_M10Q - ERROR - gps_convert_to_decimal_error: Unable to extract numeric part from E
2025-02-23 15:47:26,656 - modules.gps_SAM_M10Q - ERROR - gps_convert_to_decimal_error: Unable to extract numeric part from N
2025-02-23 15:47:26,657 - modules.gps_SAM_M10Q - ERROR - gps_convert_to_decimal_error: Unable to extract numeric part from E
2025-02-23 15:54:01,533 - modules.gps_SAM_M10Q - ERROR - gps_convert_to_decimal_error: Unable to extract numeric part from N
2025-02-23 15:54:01,534 - modules.gps_SAM_M10Q - ERROR - gps_convert_to_decimal_error: Unable to extract numeric part from E
2025-02-23 15:55:02,985 - modules.gps_SAM_M10Q - ERROR - gps_convert_to_decimal_error: Unable to extract numeric part from N
2025-02-23 15:55:02,986 - modules.gps_SAM_M10Q - ERROR - gps_convert_to_decimal_error: Unable to extract numeric part from E
2025-02-23 15:59:19,630 - modules.gps_SAM_M10Q - ERROR - gps_convert_to_decimal_error: Unable to extract numeric part from N
2025-02-23 15:59:19,631 - modules.gps_SAM_M10Q - ERROR - gps_convert_to_decimal_error: Unable to extract numeric part from E
2025-02-23 16:11:17,054 - modules.gps_SAM_M10Q - ERROR - gps_convert_to_decimal_error: Unable to extract numeric part from N
2025-02-23 16:11:17,055 - modules.gps_SAM_M10Q - ERROR - gps_convert_to_decimal_error: Unable to extract numeric part from E
2025-02-23 16:22:09,583 - modules.gps_SAM_M10Q - ERROR - gps_convert_to_decimal_error: Unable to extract numeric part from N
2025-02-23 16:22:09,584 - modules.gps_SAM_M10Q - ERROR - gps_convert_to_decimal_error: Unable to extract numeric part from E
2025-02-23 16:27:48,726 - modules.gps_SAM_M10Q - ERROR - gps_convert_to_decimal_error: Unable to extract numeric part from N
2025-02-23 16:27:48,727 - modules.gps_SAM_M10Q - ERROR - gps_convert_to_decimal_error: Unable to extract numeric part from E
2025-02-23 16:27:55,050 - modules.gps_SAM_M10Q - ERROR - gps_convert_to_decimal_error: Unable to extract numeric part from N
2025-02-23 16:27:55,051 - modules.gps_SAM_M10Q - ERROR - gps_convert_to_decimal_error: Unable to extract numeric part from E
2025-02-23 16:35:27,676 - modules.gps_SAM_M10Q - ERROR - gps_convert_to_decimal_error: Unable to extract numeric part from E
2025-02-23 16:36:10,418 - modules.gps_SAM_M10Q - ERROR - gps_convert_to_decimal_error: Unable to extract numeric part from N
2025-02-23 16:36:10,418 - modules.gps_SAM_M10Q - ERROR - gps_convert_to_decimal_error: Unable to extract numeric part from E
2025-02-23 16:39:34,029 - modules.gps_SAM_M10Q - ERROR - gps_convert_to_decimal_error: Unable to extract numeric part from N
2025-02-23 16:39:34,030 - modules.gps_SAM_M10Q - ERROR - gps_convert_to_decimal_error: Unable to extract numeric part from E
2025-02-23 16:39:59,338 - modules.gps_SAM_M10Q - ERROR - gps_convert_to_decimal_error: Unable to extract numeric part from N
2025-02-23 16:39:59,338 - modules.gps_SAM_M10Q - ERROR - gps_convert_to_decimal_error: Unable to extract numeric part from E
2025-02-23 16:57:07,648 - modules.gps_SAM_M10Q - ERROR - gps_convert_to_decimal_error: Unable to extract numeric part from N
2025-02-23 16:57:07,649 - modules.gps_SAM_M10Q - ERROR - gps_convert_to_decimal_error: Unable to extract numeric part from E
2025-02-23 17:00:00,487 - modules.gps_SAM_M10Q - ERROR - gps_convert_to_decimal_error: Unable to extract numeric part from N
2025-02-23 17:00:00,488 - modules.gps_SAM_M10Q - ERROR - gps_convert_to_decimal_error: Unable to extract numeric part from E
2025-02-23 17:03:27,984 - modules.gps_SAM_M10Q - ERROR - gps_convert_to_decimal_error: Unable to extract numeric part from N
2025-02-23 17:03:27,984 - modules.gps_SAM_M10Q - ERROR - gps_convert_to_decimal_error: Unable to extract numeric part from E
2025-02-23 17:08:36,103 - modules.gps_SAM_M10Q - ERROR - gps_convert_to_decimal_error: Unable to extract numeric part from N
2025-02-23 17:08:36,104 - modules.gps_SAM_M10Q - ERROR - gps_convert_to_decimal_error: Unable to extract numeric part from E
2025-02-23 17:10:07,765 - modules.gps_SAM_M10Q - ERROR - gps_convert_to_decimal_error: Unable to extract numeric part from N
2025-02-23 17:10:07,766 - modules.gps_SAM_M10Q - ERROR - gps_convert_to_decimal_error: Unable to extract numeric part from E
2025-02-23 17:23:14,387 - modules.gps_SAM_M10Q - ERROR - gps_convert_to_decimal_error: Unable to extract numeric part from N
2025-02-23 17:23:14,388 - modules.gps_SAM_M10Q - ERROR - gps_convert_to_decimal_error: Unable to extract numeric part from E
2025-02-23 17:24:06,094 - modules.gps_SAM_M10Q - ERROR - gps_convert_to_decimal_error: Unable to extract numeric part from N
2025-02-23 17:24:06,095 - modules.gps_SAM_M10Q - ERROR - gps_convert_to_decimal_error: Unable to extract numeric part from E
2025-02-23 17:29:19,326 - modules.gps_SAM_M10Q - ERROR - gps_convert_to_decimal_error: Unable to extract numeric part from N
2025-02-23 17:29:19,327 - modules.gps_SAM_M10Q - ERROR - gps_convert_to_decimal_error: Unable to extract numeric part from E
2025-02-23 17:31:06,098 - modules.gps_SAM_M10Q - ERROR - gps_convert_to_decimal_error: Unable to extract numeric part from N
2025-02-23 17:31:06,099 - modules.gps_SAM_M10Q - ERROR - gps_convert_to_decimal_error: Unable to extract numeric part from E
2025-02-23 17:35:21,404 - modules.gps_SAM_M10Q - ERROR - gps_convert_to_decimal_error: Unable to extract numeric part from N
2025-02-23 17:35:21,405 - modules.gps_SAM_M10Q - ERROR - gps_convert_to_decimal_error: Unable to extract numeric part from E
2025-02-23 17:39:37,892 - modules.gps_SAM_M10Q - ERROR - gps_convert_to_decimal_error: Unable to extract numeric part from N
2025-02-23 17:39:37,893 - modules.gps_SAM_M10Q - ERROR - gps_convert_to_decimal_error: Unable to extract numeric part from E
2025-02-23 17:40:24,540 - modules.gps_SAM_M10Q - ERROR - gps_convert_to_decimal_error: Unable to extract numeric part from N
2025-02-23 17:40:24,541 - modules.gps_SAM_M10Q - ERROR - gps_convert_to_decimal_error: Unable to extract numeric part from E
2025-02-23 17:41:49,664 - modules.gps_SAM_M10Q - ERROR - gps_convert_to_decimal_error: Unable to extract numeric part from N
2025-02-23 17:41:49,665 - modules.gps_SAM_M10Q - ERROR - gps_convert_to_decimal_error: Unable to extract numeric part from E
2025-02-23 17:45:32,045 - modules.gps_SAM_M10Q - ERROR - gps_convert_to_decimal_error: Unable to extract numeric part from N
2025-02-23 17:45:32,045 - modules.gps_SAM_M10Q - ERROR - gps_convert_to_decimal_error: Unable to extract numeric part from E
2025-02-23 17:49:30,544 - modules.gps_SAM_M10Q - ERROR - gps_convert_to_decimal_error: Unable to extract numeric part from N
2025-02-23 17:49:30,545 - modules.gps_SAM_M10Q - ERROR - gps_convert_to_decimal_error: Unable to extract numeric part from E
2025-02-23 17:55:52,873 - modules.gps_SAM_M10Q - ERROR - gps_convert_to_decimal_error: Unable to extract numeric part from N
2025-02-23 17:55:52,874 - modules.gps_SAM_M10Q - ERROR - gps_convert_to_decimal_error: Unable to extract numeric part from E
2025-02-23 17:56:05,211 - modules.gps_SAM_M10Q - ERROR - gps_convert_to_decimal_error: Unable to extract numeric part from N
2025-02-23 17:56:05,211 - modules.gps_SAM_M10Q - ERROR - gps_convert_to_decimal_error: Unable to extract numeric part from E
2025-02-23 17:57:10,772 - modules.gps_SAM_M10Q - ERROR - gps_convert_to_decimal_error: Unable to extract numeric part from N
2025-02-23 17:57:10,773 - modules.gps_SAM_M10Q - ERROR - gps_convert_to_decimal_error: Unable to extract numeric part from E
2025-02-23 17:59:17,411 - modules.gps_SAM_M10Q - ERROR - gps_convert_to_decimal_error: Unable to extract numeric part from E
2025-02-23 18:05:48,921 - modules.gps_SAM_M10Q - ERROR - gps_convert_to_decimal_error: Unable to extract numeric part from N
2025-02-23 18:05:48,921 - modules.gps_SAM_M10Q - ERROR - gps_convert_to_decimal_error: Unable to extract numeric part from E
2025-02-23 18:08:43,178 - modules.gps_SAM_M10Q - ERROR - gps_convert_to_decimal_error: Unable to extract numeric part from N
2025-02-23 18:08:43,178 - modules.gps_SAM_M10Q - ERROR - gps_convert_to_decimal_error: Unable to extract numeric part from E
2025-02-23 18:16:11,760 - modules.gps_SAM_M10Q - ERROR - gps_convert_to_decimal_error: Unable to extract numeric part from N
2025-02-23 18:16:11,761 - modules.gps_SAM_M10Q - ERROR - gps_convert_to_decimal_error: Unable to extract numeric part from E
2025-02-23 18:18:42,943 - modules.gps_SAM_M10Q - ERROR - gps_convert_to_decimal_error: Unable to extract numeric part from N
2025-02-23 18:18:42,944 - modules.gps_SAM_M10Q - ERROR - gps_convert_to_decimal_error: Unable to extract numeric part from E
2025-02-23 18:21:50,227 - modules.gps_SAM_M10Q - ERROR - gps_convert_to_decimal_error: Unable to extract numeric part from N
2025-02-23 18:21:50,227 - modules.gps_SAM_M10Q - ERROR - gps_convert_to_decimal_error: Unable to extract numeric part from E
2025-02-23 18:24:52,800 - modules.gps_SAM_M10Q - ERROR - gps_convert_to_decimal_error: Unable to extract numeric part from N
2025-02-23 18:24:52,801 - modules.gps_SAM_M10Q - ERROR - gps_convert_to_decimal_error: Unable to extract numeric part from E
2025-02-23 18:33:15,160 - modules.gps_SAM_M10Q - ERROR - gps_convert_to_decimal_error: Unable to extract numeric part from N
2025-02-23 18:33:15,161 - modules.gps_SAM_M10Q - ERROR - gps_convert_to_decimal_error: Unable to extract numeric part from E
2025-02-23 18:39:41,528 - modules.gps_SAM_M10Q - ERROR - gps_convert_to_decimal_error: Unable to extract numeric part from E
2025-02-23 18:55:35,189 - modules.gps_SAM_M10Q - ERROR - gps_convert_to_decimal_error: Unable to extract numeric part from E
2025-02-23 18:55:45,681 - modules.gps_SAM_M10Q - ERROR - gps_convert_to_decimal_error: Unable to extract numeric part from N
2025-02-23 18:55:45,682 - modules.gps_SAM_M10Q - ERROR - gps_convert_to_decimal_error: Unable to extract numeric part from E
2025-02-23 18:56:05,716 - modules.gps_SAM_M10Q - ERROR - gps_convert_to_decimal_error: Unable to extract numeric part from N
2025-02-23 18:56:05,717 - modules.gps_SAM_M10Q - ERROR - gps_convert_to_decimal_error: Unable to extract numeric part from E
2025-02-23 18:57:15,143 - modules.gps_SAM_M10Q - ERROR - gps_convert_to_decimal_error: Unable to extract numeric part from N
2025-02-23 18:57:15,144 - modules.gps_SAM_M10Q - ERROR - gps_convert_to_decimal_error: Unable to extract numeric part from E
2025-02-23 18:57:31,320 - modules.gps_SAM_M10Q - ERROR - gps_convert_to_decimal_error: Unable to extract numeric part from N
2025-02-23 18:57:31,321 - modules.gps_SAM_M10Q - ERROR - gps_convert_to_decimal_error: Unable to extract numeric part from E
2025-02-23 19:22:36,592 - modules.gps_SAM_M10Q - ERROR - gps_convert_to_decimal_error: Unable to extract numeric part from N
2025-02-23 19:22:36,593 - modules.gps_SAM_M10Q - ERROR - gps_convert_to_decimal_error: Unable to extract numeric part from E
2025-02-23 19:24:35,086 - modules.gps_SAM_M10Q - ERROR - gps_convert_to_decimal_error: Unable to extract numeric part from N
2025-02-23 19:24:35,087 - modules.gps_SAM_M10Q - ERROR - gps_convert_to_decimal_error: Unable to extract numeric part from E
2025-02-23 19:24:38,303 - modules.gps_SAM_M10Q - ERROR - gps_convert_to_decimal_error: Unable to extract numeric part from N
2025-02-23 19:24:38,304 - modules.gps_SAM_M10Q - ERROR - gps_convert_to_decimal_error: Unable to extract numeric part from E
2025-02-23 19:35:20,737 - modules.gps_SAM_M10Q - ERROR - gps_convert_to_decimal_error: Unable to extract numeric part from N
2025-02-23 19:35:20,738 - modules.gps_SAM_M10Q - ERROR - gps_convert_to_decimal_error: Unable to extract numeric part from E
2025-02-23 19:44:14,685 - modules.gps_SAM_M10Q - ERROR - gps_convert_to_decimal_error: Unable to extract numeric part from N
2025-02-23 19:44:14,686 - modules.gps_SAM_M10Q - ERROR - gps_convert_to_decimal_error: Unable to extract numeric part from E
2025-02-23 19:50:12,700 - modules.gps_SAM_M10Q - ERROR - gps_convert_to_decimal_error: Unable to extract numeric part from N
2025-02-23 19:50:12,701 - modules.gps_SAM_M10Q - ERROR - gps_convert_to_decimal_error: Unable to extract numeric part from E
2025-02-23 19:50:24,090 - modules.gps_SAM_M10Q - ERROR - gps_convert_to_decimal_error: Unable to extract numeric part from N
2025-02-23 19:50:24,091 - modules.gps_SAM_M10Q - ERROR - gps_convert_to_decimal_error: Unable to extract numeric part from E
2025-02-23 19:51:52,887 - modules.gps_SAM_M10Q - ERROR - gps_convert_to_decimal_error: Unable to extract numeric part from E
2025-02-23 19:52:40,320 - modules.gps_SAM_M10Q - ERROR - gps_convert_to_decimal_error: Unable to extract numeric part from N
2025-02-23 19:52:40,320 - modules.gps_SAM_M10Q - ERROR - gps_convert_to_decimal_error: Unable to extract numeric part from E
2025-02-23 19:53:48,969 - modules.gps_SAM_M10Q - ERROR - gps_convert_to_decimal_error: Unable to extract numeric part from N
2025-02-23 19:53:48,970 - modules.gps_SAM_M10Q - ERROR - gps_convert_to_decimal_error: Unable to extract numeric part from E
2025-02-23 20:02:22,890 - modules.gps_SAM_M10Q - ERROR - gps_convert_to_decimal_error: Unable to extract numeric part from N
2025-02-23 20:02:22,890 - modules.gps_SAM_M10Q - ERROR - gps_convert_to_decimal_error: Unable to extract numeric part from E
2025-02-23 20:10:10,077 - modules.gps_SAM_M10Q - ERROR - gps_convert_to_decimal_error: Unable to extract numeric part from N
2025-02-23 20:10:10,077 - modules.gps_SAM_M10Q - ERROR - gps_convert_to_decimal_error: Unable to extract numeric part from E
2025-02-23 20:15:00,553 - modules.gps_SAM_M10Q - ERROR - gps_convert_to_decimal_error: Unable to extract numeric part from N
2025-02-23 20:15:00,554 - modules.gps_SAM_M10Q - ERROR - gps_convert_to_decimal_error: Unable to extract numeric part from E
2025-02-23 20:19:45,238 - modules.gps_SAM_M10Q - ERROR - gps_convert_to_decimal_error: Unable to extract numeric part from N
2025-02-23 20:19:45,238 - modules.gps_SAM_M10Q - ERROR - gps_convert_to_decimal_error: Unable to extract numeric part from E
2025-02-23 20:20:41,775 - modules.gps_SAM_M10Q - ERROR - gps_convert_to_decimal_error: Unable to extract numeric part from N
2025-02-23 20:20:41,776 - modules.gps_SAM_M10Q - ERROR - gps_convert_to_decimal_error: Unable to extract numeric part from E
2025-02-23 20:25:31,560 - modules.gps_SAM_M10Q - ERROR - gps_convert_to_decimal_error: Unable to extract numeric part from N
2025-02-23 20:25:31,561 - modules.gps_SAM_M10Q - ERROR - gps_convert_to_decimal_error: Unable to extract numeric part from E
2025-02-23 20:25:51,256 - modules.gps_SAM_M10Q - ERROR - gps_convert_to_decimal_error: Unable to extract numeric part from N
2025-02-23 20:25:51,257 - modules.gps_SAM_M10Q - ERROR - gps_convert_to_decimal_error: Unable to extract numeric part from E
2025-02-23 20:28:39,255 - modules.gps_SAM_M10Q - ERROR - gps_convert_to_decimal_error: Unable to extract numeric part from N
2025-02-23 20:28:39,256 - modules.gps_SAM_M10Q - ERROR - gps_convert_to_decimal_error: Unable to extract numeric part from E
2025-02-23 20:30:06,250 - modules.gps_SAM_M10Q - ERROR - gps_convert_to_decimal_error: Unable to extract numeric part from N
2025-02-23 20:30:06,251 - modules.gps_SAM_M10Q - ERROR - gps_convert_to_decimal_error: Unable to extract numeric part from E
2025-02-23 20:30:15,342 - modules.gps_SAM_M10Q - ERROR - gps_convert_to_decimal_error: Unable to extract numeric part from N
2025-02-23 20:30:15,343 - modules.gps_SAM_M10Q - ERROR - gps_convert_to_decimal_error: Unable to extract numeric part from E
2025-02-23 20:30:15,881 - modules.gps_SAM_M10Q - ERROR - gps_convert_to_decimal_error: Unable to extract numeric part from N
2025-02-23 20:30:15,881 - modules.gps_SAM_M10Q - ERROR - gps_convert_to_decimal_error: Unable to extract numeric part from E
2025-02-23 20:31:35,616 - modules.gps_SAM_M10Q - ERROR - gps_convert_to_decimal_error: Unable to extract numeric part from E
2025-02-23 20:44:08,642 - modules.gps_SAM_M10Q - ERROR - gps_convert_to_decimal_error: Unable to extract numeric part from N
2025-02-23 20:44:08,643 - modules.gps_SAM_M10Q - ERROR - gps_convert_to_decimal_error: Unable to extract numeric part from E
2025-02-23 20:48:08,546 - modules.gps_SAM_M10Q - ERROR - gps_convert_to_decimal_error: Unable to extract numeric part from N
2025-02-23 20:48:08,546 - modules.gps_SAM_M10Q - ERROR - gps_convert_to_decimal_error: Unable to extract numeric part from E
2025-02-23 20:59:13,815 - modules.gps_SAM_M10Q - ERROR - gps_convert_to_decimal_error: Unable to extract numeric part from N
2025-02-23 20:59:13,816 - modules.gps_SAM_M10Q - ERROR - gps_convert_to_decimal_error: Unable to extract numeric part from E
2025-02-23 21:14:40,479 - modules.gps_SAM_M10Q - ERROR - gps_convert_to_decimal_error: Unable to extract numeric part from N
2025-02-23 21:14:40,480 - modules.gps_SAM_M10Q - ERROR - gps_convert_to_decimal_error: Unable to extract numeric part from E
2025-02-23 21:18:12,482 - modules.gps_SAM_M10Q - ERROR - gps_convert_to_decimal_error: Unable to extract numeric part from N
2025-02-23 21:18:12,483 - modules.gps_SAM_M10Q - ERROR - gps_convert_to_decimal_error: Unable to extract numeric part from E
2025-02-23 21:18:19,454 - modules.gps_SAM_M10Q - ERROR - gps_convert_to_decimal_error: Unable to extract numeric part from N
2025-02-23 21:18:19,455 - modules.gps_SAM_M10Q - ERROR - gps_convert_to_decimal_error: Unable to extract numeric part from E
2025-02-23 21:19:45,140 - modules.gps_SAM_M10Q - ERROR - gps_convert_to_decimal_error: Unable to extract numeric part from N
2025-02-23 21:19:45,140 - modules.gps_SAM_M10Q - ERROR - gps_convert_to_decimal_error: Unable to extract numeric part from E
2025-02-23 21:20:06,250 - modules.gps_SAM_M10Q - ERROR - gps_convert_to_decimal_error: Unable to extract numeric part from N
2025-02-23 21:20:06,251 - modules.gps_SAM_M10Q - ERROR - gps_convert_to_decimal_error: Unable to extract numeric part from E
2025-02-23 21:29:44,024 - modules.gps_SAM_M10Q - ERROR - gps_convert_to_decimal_error: Unable to extract numeric part from N
2025-02-23 21:29:44,024 - modules.gps_SAM_M10Q - ERROR - gps_convert_to_decimal_error: Unable to extract numeric part from E
2025-02-23 21:30:31,523 - modules.gps_SAM_M10Q - ERROR - gps_convert_to_decimal_error: Unable to extract numeric part from N
2025-02-23 21:30:31,524 - modules.gps_SAM_M10Q - ERROR - gps_convert_to_decimal_error: Unable to extract numeric part from E
2025-02-23 21:32:47,555 - modules.gps_SAM_M10Q - ERROR - gps_convert_to_decimal_error: Unable to extract numeric part from N
2025-02-23 21:32:47,555 - modules.gps_SAM_M10Q - ERROR - gps_convert_to_decimal_error: Unable to extract numeric part from E
2025-02-23 21:35:16,990 - modules.gps_SAM_M10Q - ERROR - gps_convert_to_decimal_error: Unable to extract numeric part from N
2025-02-23 21:35:16,991 - modules.gps_SAM_M10Q - ERROR - gps_convert_to_decimal_error: Unable to extract numeric part from E
2025-02-23 21:41:30,472 - modules.gps_SAM_M10Q - ERROR - gps_convert_to_decimal_error: Unable to extract numeric part from E
2025-02-23 21:48:46,091 - modules.gps_SAM_M10Q - ERROR - gps_convert_to_decimal_error: Unable to extract numeric part from N
2025-02-23 21:48:46,092 - modules.gps_SAM_M10Q - ERROR - gps_convert_to_decimal_error: Unable to extract numeric part from E
2025-02-23 21:49:56,546 - modules.gps_SAM_M10Q - ERROR - gps_convert_to_decimal_error: Unable to extract numeric part from N
2025-02-23 21:49:56,547 - modules.gps_SAM_M10Q - ERROR - gps_convert_to_decimal_error: Unable to extract numeric part from E
2025-02-23 21:52:25,099 - modules.gps_SAM_M10Q - ERROR - gps_convert_to_decimal_error: Unable to extract numeric part from N
2025-02-23 21:52:25,100 - modules.gps_SAM_M10Q - ERROR - gps_convert_to_decimal_error: Unable to extract numeric part from E
2025-02-23 22:00:21,171 - modules.gps_SAM_M10Q - ERROR - gps_convert_to_decimal_error: Unable to extract numeric part from N
2025-02-23 22:00:21,172 - modules.gps_SAM_M10Q - ERROR - gps_convert_to_decimal_error: Unable to extract numeric part from E
2025-02-23 22:01:50,215 - modules.gps_SAM_M10Q - ERROR - gps_convert_to_decimal_error: Unable to extract numeric part from N
2025-02-23 22:01:50,216 - modules.gps_SAM_M10Q - ERROR - gps_convert_to_decimal_error: Unable to extract numeric part from E
2025-02-23 22:13:06,254 - modules.gps_SAM_M10Q - ERROR - gps_convert_to_decimal_error: Unable to extract numeric part from N
2025-02-23 22:13:06,255 - modules.gps_SAM_M10Q - ERROR - gps_convert_to_decimal_error: Unable to extract numeric part from E
2025-02-23 22:14:34,414 - modules.gps_SAM_M10Q - ERROR - gps_convert_to_decimal_error: Unable to extract numeric part from N
2025-02-23 22:14:34,415 - modules.gps_SAM_M10Q - ERROR - gps_convert_to_decimal_error: Unable to extract numeric part from E
2025-02-23 22:31:42,345 - modules.gps_SAM_M10Q - ERROR - gps_convert_to_decimal_error: Unable to extract numeric part from N
2025-02-23 22:31:42,346 - modules.gps_SAM_M10Q - ERROR - gps_convert_to_decimal_error: Unable to extract numeric part from E
2025-02-23 22:32:48,981 - modules.gps_SAM_M10Q - ERROR - gps_convert_to_decimal_error: Unable to extract numeric part from E
2025-02-23 22:33:30,451 - modules.gps_SAM_M10Q - ERROR - gps_convert_to_decimal_error: Unable to extract numeric part from N
2025-02-23 22:33:30,451 - modules.gps_SAM_M10Q - ERROR - gps_convert_to_decimal_error: Unable to extract numeric part from E
2025-02-23 22:34:40,079 - modules.gps_SAM_M10Q - ERROR - gps_convert_to_decimal_error: Unable to extract numeric part from N
2025-02-23 22:34:40,079 - modules.gps_SAM_M10Q - ERROR - gps_convert_to_decimal_error: Unable to extract numeric part from E
2025-02-23 22:38:15,144 - modules.gps_SAM_M10Q - ERROR - gps_convert_to_decimal_error: Unable to extract numeric part from E
2025-02-23 22:38:44,388 - modules.gps_SAM_M10Q - ERROR - gps_convert_to_decimal_error: Unable to extract numeric part from N
2025-02-23 22:38:44,389 - modules.gps_SAM_M10Q - ERROR - gps_convert_to_decimal_error: Unable to extract numeric part from E
2025-02-23 22:40:42,054 - modules.gps_SAM_M10Q - ERROR - gps_convert_to_decimal_error: Unable to extract numeric part from N
2025-02-23 22:40:42,055 - modules.gps_SAM_M10Q - ERROR - gps_convert_to_decimal_error: Unable to extract numeric part from E
2025-02-23 23:00:15,003 - modules.gps_SAM_M10Q - ERROR - gps_convert_to_decimal_error: Unable to extract numeric part from N
2025-02-23 23:00:15,003 - modules.gps_SAM_M10Q - ERROR - gps_convert_to_decimal_error: Unable to extract numeric part from E
2025-02-23 23:08:08,215 - modules.gps_SAM_M10Q - ERROR - gps_convert_to_decimal_error: Unable to extract numeric part from E
2025-02-23 23:09:12,588 - datamanager - ERROR - mqtt_loop_MQTT connection failed: [Errno 111] Connection refused. Retrying in 5 seconds...
2025-02-23 23:09:17,604 - datamanager - ERROR - mqtt_loop_MQTT connection failed: [Errno 111] Connection refused. Retrying in 5 seconds...
2025-02-23 23:09:25,698 - datamanager - ERROR - mqtt_loop_MQTT connection failed: [Errno 111] Connection refused. Retrying in 5 seconds...
2025-02-25 20:59:20,234 - datamanager - ERROR - mqtt_loop_MQTT connection failed: [Errno 111] Connection refused. Retrying in 5 seconds...
2025-02-25 20:59:25,241 - datamanager - ERROR - mqtt_loop_MQTT connection failed: [Errno 111] Connection refused. Retrying in 5 seconds...
2025-02-25 20:59:30,244 - datamanager - ERROR - mqtt_loop_MQTT connection failed: [Errno 111] Connection refused. Retrying in 5 seconds...
2025-02-25 20:59:38,316 - datamanager - ERROR - mqtt_loop_MQTT connection failed: [Errno 113] No route to host. Retrying in 5 seconds...
2025-02-26 13:06:17,526 - modules.gps_SAM_M10Q - ERROR - gps_convert_to_decimal_error: Unable to extract numeric part from N
2025-02-26 13:06:17,527 - modules.gps_SAM_M10Q - ERROR - gps_convert_to_decimal_error: Unable to extract numeric part from E
2025-02-26 13:06:58,608 - modules.gps_SAM_M10Q - ERROR - gps_convert_to_decimal_error: Unable to extract numeric part from N
2025-02-26 13:06:58,609 - modules.gps_SAM_M10Q - ERROR - gps_convert_to_decimal_error: Unable to extract numeric part from E
2025-02-26 13:12:18,354 - modules.gps_SAM_M10Q - ERROR - gps_convert_to_decimal_error: Unable to extract numeric part from N
2025-02-26 13:12:18,354 - modules.gps_SAM_M10Q - ERROR - gps_convert_to_decimal_error: Unable to extract numeric part from E
2025-02-26 13:21:45,120 - modules.gps_SAM_M10Q - ERROR - gps_convert_to_decimal_error: Unable to extract numeric part from N
2025-02-26 13:21:45,120 - modules.gps_SAM_M10Q - ERROR - gps_convert_to_decimal_error: Unable to extract numeric part from E
2025-02-26 13:23:24,032 - modules.gps_SAM_M10Q - ERROR - gps_convert_to_decimal_error: Unable to extract numeric part from N
2025-02-26 13:23:24,033 - modules.gps_SAM_M10Q - ERROR - gps_convert_to_decimal_error: Unable to extract numeric part from E
2025-02-26 13:32:46,332 - modules.gps_SAM_M10Q - ERROR - gps_convert_to_decimal_error: Unable to extract numeric part from N
2025-02-26 13:32:46,332 - modules.gps_SAM_M10Q - ERROR - gps_convert_to_decimal_error: Unable to extract numeric part from E
2025-02-26 13:35:35,270 - modules.gps_SAM_M10Q - ERROR - gps_convert_to_decimal_error: Unable to extract numeric part from E
2025-02-26 13:43:50,420 - modules.gps_SAM_M10Q - ERROR - gps_convert_to_decimal_error: Unable to extract numeric part from N
2025-02-26 13:43:50,420 - modules.gps_SAM_M10Q - ERROR - gps_convert_to_decimal_error: Unable to extract numeric part from E
2025-02-26 13:49:00,872 - modules.gps_SAM_M10Q - ERROR - gps_convert_to_decimal_error: Unable to extract numeric part from N
2025-02-26 13:49:00,873 - modules.gps_SAM_M10Q - ERROR - gps_convert_to_decimal_error: Unable to extract numeric part from E
2025-02-26 14:02:44,726 - modules.gps_SAM_M10Q - ERROR - gps_convert_to_decimal_error: Unable to extract numeric part from N
2025-02-26 14:02:44,727 - modules.gps_SAM_M10Q - ERROR - gps_convert_to_decimal_error: Unable to extract numeric part from E
2025-02-26 14:02:29,756 - datamanager - ERROR - mqtt_loop_MQTT connection failed: [Errno 111] Connection refused. Retrying in 5 seconds...
2025-02-26 14:02:34,842 - datamanager - ERROR - mqtt_loop_MQTT connection failed: [Errno 111] Connection refused. Retrying in 5 seconds...
2025-02-26 14:02:39,856 - datamanager - ERROR - mqtt_loop_MQTT connection failed: [Errno 111] Connection refused. Retrying in 5 seconds...
2025-02-26 14:02:44,869 - datamanager - ERROR - mqtt_loop_MQTT connection failed: [Errno 111] Connection refused. Retrying in 5 seconds...
2025-02-27 21:07:25,031 - datamanager - ERROR - mqtt_loop_MQTT connection failed: [Errno 111] Connection refused. Retrying in 5 seconds...
2025-02-27 21:07:30,086 - datamanager - ERROR - mqtt_loop_MQTT connection failed: [Errno 111] Connection refused. Retrying in 5 seconds...
2025-02-27 21:07:38,160 - datamanager - ERROR - mqtt_loop_MQTT connection failed: [Errno 113] No route to host. Retrying in 5 seconds...
